<?xml version="1.0" encoding="UTF-8"?>
<testsuite xmlns:xsi="http://www.w3.org/2001/XMLSchema-instance" xsi:noNamespaceSchemaLocation="https://maven.apache.org/surefire/maven-surefire-plugin/xsd/surefire-test-report-3.0.xsd" version="3.0" name="practice1.MainTest" time="0.082" tests="5" errors="0" skipped="0" failures="0">
  <properties>
[...]
</properties>
  <testcase name="shouldEncodePackage_params(byte, long, String)[1]" classname="practice1.MainTest" time="0.03">
    <system-out><![CDATA[client: 10
packetId: 222
length: 11
crc16 head: 3555
]]></system-out>
  </testcase>
  <testcase name="shouldEncodePackage_params(byte, long, String)[2]" classname="practice1.MainTest" time="0.001">
    <system-out><![CDATA[client: 1
packetId: 222
length: 9
crc16 head: 18296
]]></system-out>
  </testcase>
  <testcase name="shouldEncodePackage_params(byte, long, String)[3]" classname="practice1.MainTest" time="0.001">
    <system-out><![CDATA[client: 10
packetId: 213
length: 12
crc16 head: 3591
]]></system-out>
  </testcase>
  <testcase name="shouldEncodePackage_params(byte, long, String)[4]" classname="practice1.MainTest" time="0.001">
    <system-out><![CDATA[client: 5
packetId: 222
length: 5
crc16 head: -14730
]]></system-out>
  </testcase>
  <testcase name="shouldEncodePackage" classname="practice1.MainTest" time="0.001">
    <system-out><![CDATA[client: 1
packetId: 111
length: 11
crc16 head: -25467
]]></system-out>
  </testcase>
</testsuite>